# JRE version: OpenJDK Runtime Environment (17.0.6) (build 17.0.6+0-b2043.56-9586694)
# Java VM: OpenJDK 64-Bit Server VM (17.0.6+0-b2043.56-9586694, mixed mode, tiered, compressed oops, compressed class ptrs, g1 gc, windows-amd64)
GC Precious Log:
 CPUs: 8 total, 8 available
 Memory: 10178M
 Large Page Support: Disabled
 NUMA Support: Disabled
 Compressed Oops: Enabled (32-bit)
 Heap Region Size: 1M
 Heap Min Capacity: 8M
 Heap Initial Capacity: 160M
 Heap Max Capacity: 2G
 Pre-touch: Disabled
 Parallel Workers: 8
 Concurrent Workers: 2
 Concurrent Refinement Workers: 8
 Periodic GC: Disabled
Heap:
 garbage-first heap   total 71680K, used 53813K [0x0000000080000000, 0x0000000100000000)
  region size 1024K, 33 young (33792K), 4 survivors (4096K)
 Metaspace       used 40408K, committed 40704K, reserved 1089536K
  class space    used 5356K, committed 5504K, reserved 1048576K
GC Heap History (15 events):
Event: 1.188 GC heap before
{Heap before GC invocations=0 (full 0):
 garbage-first heap   total 163840K, used 26624K [0x0000000080000000, 0x0000000100000000)
  region size 1024K, 23 young (23552K), 0 survivors (0K)
 Metaspace       used 10249K, committed 10432K, reserved 1064960K
  class space    used 1060K, committed 1152K, reserved 1048576K
}
Event: 1.195 GC heap after
{Heap after GC invocations=1 (full 0):
 garbage-first heap   total 163840K, used 10414K [0x0000000080000000, 0x0000000100000000)
  region size 1024K, 3 young (3072K), 3 survivors (3072K)
 Metaspace       used 10249K, committed 10432K, reserved 1064960K
  class space    used 1060K, committed 1152K, reserved 1048576K
}
Event: 1.849 GC heap before
{Heap before GC invocations=1 (full 0):
 garbage-first heap   total 163840K, used 38062K [0x0000000080000000, 0x0000000100000000)
  region size 1024K, 31 young (31744K), 3 survivors (3072K)
 Metaspace       used 11210K, committed 11456K, reserved 1064960K
  class space    used 1163K, committed 1280K, reserved 1048576K
}
Event: 1.856 GC heap after
{Heap after GC invocations=2 (full 0):
 garbage-first heap   total 163840K, used 11689K [0x0000000080000000, 0x0000000100000000)
  region size 1024K, 2 young (2048K), 2 survivors (2048K)
 Metaspace       used 11210K, committed 11456K, reserved 1064960K
  class space    used 1163K, committed 1280K, reserved 1048576K
}
Event: 3.638 GC heap before
{Heap before GC invocations=2 (full 0):
 garbage-first heap   total 163840K, used 56745K [0x0000000080000000, 0x0000000100000000)
  region size 1024K, 46 young (47104K), 2 survivors (2048K)
 Metaspace       used 21225K, committed 21504K, reserved 1073152K
  class space    used 2578K, committed 2752K, reserved 1048576K
}
Event: 3.651 GC heap after
{Heap after GC invocations=3 (full 0):
 garbage-first heap   total 163840K, used 19011K [0x0000000080000000, 0x0000000100000000)
  region size 1024K, 9 young (9216K), 9 survivors (9216K)
 Metaspace       used 21225K, committed 21504K, reserved 1073152K
  class space    used 2578K, committed 2752K, reserved 1048576K
}
Event: 4.806 GC heap before
{Heap before GC invocations=4 (full 0):
 garbage-first heap   total 71680K, used 52803K [0x0000000080000000, 0x0000000100000000)
  region size 1024K, 42 young (43008K), 9 survivors (9216K)
 Metaspace       used 26174K, committed 26496K, reserved 1073152K
  class space    used 3440K, committed 3584K, reserved 1048576K
}
Event: 4.817 GC heap after
{Heap after GC invocations=5 (full 0):
 garbage-first heap   total 71680K, used 20344K [0x0000000080000000, 0x0000000100000000)
  region size 1024K, 3 young (3072K), 3 survivors (3072K)
 Metaspace       used 26174K, committed 26496K, reserved 1073152K
  class space    used 3440K, committed 3584K, reserved 1048576K
}
Event: 4.863 GC heap before
{Heap before GC invocations=5 (full 0):
 garbage-first heap   total 71680K, used 21368K [0x0000000080000000, 0x0000000100000000)
  region size 1024K, 4 young (4096K), 3 survivors (3072K)
 Metaspace       used 26363K, committed 26688K, reserved 1073152K
  class space    used 3473K, committed 3584K, reserved 1048576K
}
Event: 4.866 GC heap after
{Heap after GC invocations=6 (full 0):
 garbage-first heap   total 71680K, used 20763K [0x0000000080000000, 0x0000000100000000)
  region size 1024K, 1 young (1024K), 1 survivors (1024K)
 Metaspace       used 26363K, committed 26688K, reserved 1073152K
  class space    used 3473K, committed 3584K, reserved 1048576K
}
Event: 5.903 GC heap before
{Heap before GC invocations=6 (full 0):
 garbage-first heap   total 71680K, used 50459K [0x0000000080000000, 0x0000000100000000)
  region size 1024K, 31 young (31744K), 1 survivors (1024K)
 Metaspace       used 30951K, committed 31232K, reserved 1081344K
  class space    used 4221K, committed 4352K, reserved 1048576K
}
Event: 5.908 GC heap after
{Heap after GC invocations=7 (full 0):
 garbage-first heap   total 71680K, used 22143K [0x0000000080000000, 0x0000000100000000)
  region size 1024K, 2 young (2048K), 2 survivors (2048K)
 Metaspace       used 30951K, committed 31232K, reserved 1081344K
  class space    used 4221K, committed 4352K, reserved 1048576K
}
Event: 6.783 GC heap before
{Heap before GC invocations=7 (full 0):
 garbage-first heap   total 71680K, used 45695K [0x0000000080000000, 0x0000000100000000)
  region size 1024K, 27 young (27648K), 2 survivors (2048K)
 Metaspace       used 35612K, committed 35968K, reserved 1081344K
  class space    used 4876K, committed 5056K, reserved 1048576K
}
Event: 6.790 GC heap after
{Heap after GC invocations=8 (full 0):
 garbage-first heap   total 71680K, used 24117K [0x0000000080000000, 0x0000000100000000)
  region size 1024K, 4 young (4096K), 4 survivors (4096K)
 Metaspace       used 35612K, committed 35968K, reserved 1081344K
  class space    used 4876K, committed 5056K, reserved 1048576K
}
Event: 7.499 GC heap before
{Heap before GC invocations=9 (full 0):
 garbage-first heap   total 71680K, used 52789K [0x0000000080000000, 0x0000000100000000)
  region size 1024K, 33 young (33792K), 4 survivors (4096K)
 Metaspace       used 40408K, committed 40704K, reserved 1089536K
  class space    used 5356K, committed 5504K, reserved 1048576K
}

